[02:46:08] [main/INFO] (FabricLoader/GameProvider) Loading Minecraft 1.21.1 with Fabric Loader 0.16.12
[02:46:08] [main/INFO] (FabricLoader) Loading 58 mods:
	- cloth-basic-math 0.6.1
	- cloth-config 15.0.140
	- fabric-api 0.115.4+1.21.1
	- fabric-api-base 0.4.42+6573ed8c19
	- fabric-api-lookup-api-v1 1.6.70+b559734419
	- fabric-biome-api-v1 13.0.31+d527f9fd19
	- fabric-block-api-v1 1.0.22+0af3f5a719
	- fabric-block-view-api-v2 1.0.11+ebb2264e19
	- fabric-blockrenderlayer-v1 1.1.52+0af3f5a719
	- fabric-client-tags-api-v1 1.1.15+6573ed8c19
	- fabric-command-api-v1 1.2.49+f71b366f19
	- fabric-command-api-v2 2.2.28+6ced4dd919
	- fabric-commands-v0 0.2.66+df3654b319
	- fabric-content-registries-v0 8.0.18+b559734419
	- fabric-convention-tags-v1 2.1.4+7f945d5b19
	- fabric-convention-tags-v2 2.11.0+a406e79519
	- fabric-crash-report-info-v1 0.2.29+0af3f5a719
	- fabric-data-attachment-api-v1 1.4.1+9ed317f519
	- fabric-data-generation-api-v1 20.2.28+16c4ae2519
	- fabric-dimensions-v1 4.0.0+6fc22b9919
	- fabric-entity-events-v1 1.7.0+2122d82819
	- fabric-events-interaction-v0 0.7.13+ba9dae0619
	- fabric-game-rule-api-v1 1.0.53+6ced4dd919
	- fabric-gametest-api-v1 2.0.5+6fc22b9919
	- fabric-item-api-v1 11.1.1+d5debaed19
	- fabric-item-group-api-v1 4.1.7+def88e3a19
	- fabric-key-binding-api-v1 1.0.47+0af3f5a719
	- fabric-keybindings-v0 0.2.45+df3654b319
	- fabric-lifecycle-events-v1 2.5.0+01d9a51c19
	- fabric-loot-api-v2 3.0.15+3f89f5a519
	- fabric-loot-api-v3 1.0.3+3f89f5a519
	- fabric-message-api-v1 6.0.13+6573ed8c19
	- fabric-model-loading-api-v1 2.0.0+fe474d6b19
	- fabric-networking-api-v1 4.3.0+c7469b2119
	- fabric-object-builder-api-v1 15.2.1+40875a9319
	- fabric-particles-v1 4.0.2+6573ed8c19
	- fabric-recipe-api-v1 5.0.14+248df81c19
	- fabric-registry-sync-v0 5.2.0+34f5d91419
	- fabric-renderer-api-v1 3.4.0+c705a49c19
	- fabric-renderer-indigo 1.7.0+c705a49c19
	- fabric-renderer-registries-v1 3.2.68+df3654b319
	- fabric-rendering-data-attachment-v1 0.3.49+73761d2e19
	- fabric-rendering-fluids-v1 3.1.6+1daea21519
	- fabric-rendering-v0 1.1.71+df3654b319
	- fabric-rendering-v1 5.0.5+df16efd019
	- fabric-resource-conditions-api-v1 4.3.0+8dc279b119
	- fabric-resource-loader-v0 1.3.1+5b5275af19
	- fabric-screen-api-v1 2.0.25+8b68f1c719
	- fabric-screen-handler-api-v1 1.3.88+b559734419
	- fabric-sound-api-v1 1.0.23+6573ed8c19
	- fabric-transfer-api-v1 5.4.2+c24bd99419
	- fabric-transitive-access-wideners-v1 6.2.0+45b9699719
	- fabricloader 0.16.12
	- geckolib 4.7.5.1
	- java 21
	- minecraft 1.21.1
	- mixinextras 0.4.1
	- villager 1.0
[02:46:09] [main/INFO] (FabricLoader/Mixin) SpongePowered MIXIN Subsystem Version=0.8.7 Source=file:/E:/.gradle/caches/modules-2/files-2.1/net.fabricmc/sponge-mixin/0.15.4+mixin.0.8.7/6a12aacc794f1078458433116e9ed42c1cc98096/sponge-mixin-0.15.4+mixin.0.8.7.jar Service=Knot/Fabric Env=CLIENT
[02:46:09] [main/INFO] (FabricLoader/Mixin) Attempting to load Hot-Swap agent
[02:46:09] [main/INFO] (FabricLoader/Mixin) Loaded Fabric development mappings for mixin remapper!
[02:46:09] [main/INFO] (FabricLoader/Mixin) Compatibility level set to JAVA_17
[02:46:09] [main/INFO] (FabricLoader/Mixin) Compatibility level set to JAVA_21
[02:46:10] [main/INFO] (FabricLoader/MixinExtras|Service) Initializing MixinExtras via com.llamalad7.mixinextras.service.MixinExtrasServiceImpl(version=0.4.1).
[02:46:10] [Datafixer Bootstrap/INFO] (Minecraft) 226 Datafixer optimizations took 297 milliseconds
[02:46:14] [Render thread/INFO] (Minecraft) Environment: Environment[sessionHost=https://sessionserver.mojang.com, servicesHost=https://api.minecraftservices.com, name=PROD]
[02:46:14] [Render thread/INFO] (Minecraft) Setting user: Player734
[02:46:14] [Render thread/INFO] (Indigo) [Indigo] Registering Indigo renderer!
[02:46:15] [Render thread/INFO] (Minecraft) Backend library: LWJGL version 3.3.3-snapshot
[02:46:16] [Render thread/INFO] (Minecraft) Reloading ResourceManager: vanilla, fabric, cloth-config, fabric-api, fabric-api-base, fabric-api-lookup-api-v1, fabric-biome-api-v1, fabric-block-api-v1, fabric-block-view-api-v2, fabric-blockrenderlayer-v1, fabric-client-tags-api-v1, fabric-command-api-v1, fabric-command-api-v2, fabric-commands-v0, fabric-content-registries-v0, fabric-convention-tags-v1, fabric-convention-tags-v2, fabric-crash-report-info-v1, fabric-data-attachment-api-v1, fabric-data-generation-api-v1, fabric-dimensions-v1, fabric-entity-events-v1, fabric-events-interaction-v0, fabric-game-rule-api-v1, fabric-gametest-api-v1, fabric-item-api-v1, fabric-item-group-api-v1, fabric-key-binding-api-v1, fabric-keybindings-v0, fabric-lifecycle-events-v1, fabric-loot-api-v2, fabric-loot-api-v3, fabric-message-api-v1, fabric-model-loading-api-v1, fabric-networking-api-v1, fabric-object-builder-api-v1, fabric-particles-v1, fabric-recipe-api-v1, fabric-registry-sync-v0, fabric-renderer-api-v1, fabric-renderer-indigo, fabric-renderer-registries-v1, fabric-rendering-data-attachment-v1, fabric-rendering-fluids-v1, fabric-rendering-v0, fabric-rendering-v1, fabric-resource-conditions-api-v1, fabric-resource-loader-v0, fabric-screen-api-v1, fabric-screen-handler-api-v1, fabric-sound-api-v1, fabric-transfer-api-v1, fabric-transitive-access-wideners-v1, fabricloader, villager
[02:46:16] [Worker-Main-23/INFO] (Minecraft) Found unifont_all_no_pua-15.1.05.hex, loading
[02:46:16] [Worker-Main-13/INFO] (Minecraft) Found unifont_jp_patch-15.1.05.hex, loading
[02:46:16] [Worker-Main-25/ERROR] (GeckoLib) Unable to parse animation: geckolib_format_version
[02:46:16] [Worker-Main-25/INFO] (Minecraft) [STDERR]: java.lang.IllegalStateException: Not a JSON Object: 2
[02:46:16] [Worker-Main-25/INFO] (Minecraft) [STDERR]: 	at knot//com.google.gson.JsonElement.getAsJsonObject(JsonElement.java:101)
[02:46:16] [Worker-Main-25/INFO] (Minecraft) [STDERR]: 	at knot//software.bernie.geckolib.loading.json.typeadapter.BakedAnimationsAdapter.deserialize(BakedAnimationsAdapter.java:41)
[02:46:16] [Worker-Main-25/INFO] (Minecraft) [STDERR]: 	at knot//software.bernie.geckolib.loading.json.typeadapter.BakedAnimationsAdapter.deserialize(BakedAnimationsAdapter.java:31)
[02:46:16] [Worker-Main-25/INFO] (Minecraft) [STDERR]: 	at knot//com.google.gson.internal.bind.TreeTypeAdapter.read(TreeTypeAdapter.java:76)
[02:46:16] [Worker-Main-25/INFO] (Minecraft) [STDERR]: 	at knot//com.google.gson.Gson.fromJson(Gson.java:1227)
[02:46:16] [Worker-Main-25/INFO] (Minecraft) [STDERR]: 	at knot//com.google.gson.Gson.fromJson(Gson.java:1329)
[02:46:16] [Worker-Main-25/INFO] (Minecraft) [STDERR]: 	at knot//com.google.gson.Gson.fromJson(Gson.java:1271)
[02:46:16] [Worker-Main-25/INFO] (Minecraft) [STDERR]: 	at knot//software.bernie.geckolib.loading.FileLoader.loadAnimationsFile(FileLoader.java:36)
[02:46:16] [Worker-Main-25/INFO] (Minecraft) [STDERR]: 	at knot//software.bernie.geckolib.cache.GeckoLibCache.lambda$loadAnimations$2(GeckoLibCache.java:79)
[02:46:16] [Worker-Main-25/INFO] (Minecraft) [STDERR]: 	at knot//software.bernie.geckolib.cache.GeckoLibCache.lambda$loadResources$8(GeckoLibCache.java:121)
[02:46:16] [Worker-Main-25/INFO] (Minecraft) [STDERR]: 	at java.base/java.util.concurrent.CompletableFuture$AsyncSupply.run(CompletableFuture.java:1768)
[02:46:16] [Worker-Main-25/INFO] (Minecraft) [STDERR]: 	at java.base/java.util.concurrent.CompletableFuture$AsyncSupply.exec(CompletableFuture.java:1760)
[02:46:16] [Worker-Main-25/INFO] (Minecraft) [STDERR]: 	at java.base/java.util.concurrent.ForkJoinTask.doExec(ForkJoinTask.java:387)
[02:46:16] [Worker-Main-25/INFO] (Minecraft) [STDERR]: 	at java.base/java.util.concurrent.ForkJoinPool$WorkQueue.topLevelExec(ForkJoinPool.java:1310)
[02:46:16] [Worker-Main-25/INFO] (Minecraft) [STDERR]: 	at java.base/java.util.concurrent.ForkJoinPool.scan(ForkJoinPool.java:1841)
[02:46:16] [Worker-Main-25/INFO] (Minecraft) [STDERR]: 	at java.base/java.util.concurrent.ForkJoinPool.runWorker(ForkJoinPool.java:1806)
[02:46:16] [Worker-Main-25/INFO] (Minecraft) [STDERR]: 	at java.base/java.util.concurrent.ForkJoinWorkerThread.run(ForkJoinWorkerThread.java:188)
[02:46:17] [Render thread/WARN] (Minecraft) Missing sound for event: minecraft:item.goat_horn.play
[02:46:17] [Render thread/WARN] (Minecraft) Missing sound for event: minecraft:entity.goat.screaming.horn_break
[02:46:17] [Render thread/INFO] (Minecraft) OpenAL initialized on device OpenAL Soft on 耳机 (Realtek(R) Audio)
[02:46:17] [Render thread/INFO] (Minecraft) Sound engine started
[02:46:17] [Render thread/INFO] (Minecraft) Created: 1024x512x4 minecraft:textures/atlas/blocks.png-atlas
[02:46:17] [Render thread/INFO] (Minecraft) Created: 256x256x4 minecraft:textures/atlas/signs.png-atlas
[02:46:17] [Render thread/INFO] (Minecraft) Created: 512x512x4 minecraft:textures/atlas/shield_patterns.png-atlas
[02:46:17] [Render thread/INFO] (Minecraft) Created: 512x512x4 minecraft:textures/atlas/banner_patterns.png-atlas
[02:46:17] [Render thread/INFO] (Minecraft) Created: 1024x1024x4 minecraft:textures/atlas/armor_trims.png-atlas
[02:46:17] [Render thread/INFO] (Minecraft) Created: 128x64x4 minecraft:textures/atlas/decorated_pot.png-atlas
[02:46:17] [Render thread/INFO] (Minecraft) Created: 256x256x4 minecraft:textures/atlas/chest.png-atlas
[02:46:17] [Render thread/INFO] (Minecraft) Created: 512x256x4 minecraft:textures/atlas/shulker_boxes.png-atlas
[02:46:17] [Render thread/INFO] (Minecraft) Created: 512x256x4 minecraft:textures/atlas/beds.png-atlas
[02:46:17] [Render thread/INFO] (Minecraft) Created: 512x256x0 minecraft:textures/atlas/particles.png-atlas
[02:46:17] [Render thread/INFO] (Minecraft) Created: 512x256x0 minecraft:textures/atlas/paintings.png-atlas
[02:46:17] [Render thread/INFO] (Minecraft) Created: 256x128x0 minecraft:textures/atlas/mob_effects.png-atlas
[02:46:17] [Render thread/INFO] (Minecraft) Created: 64x64x0 minecraft:textures/atlas/map_decorations.png-atlas
[02:46:17] [Render thread/INFO] (Minecraft) Created: 1024x512x0 minecraft:textures/atlas/gui.png-atlas
[02:46:17] [Render thread/WARN] (Minecraft) Shader rendertype_entity_translucent_emissive could not find sampler named Sampler2 in the specified shader program.
[02:46:21] [Render thread/INFO] (Minecraft) Loaded 1290 recipes
[02:46:21] [Render thread/INFO] (Minecraft) Loaded 1399 advancements
[02:46:22] [Render thread/INFO] (BiomeModificationImpl) Applied 0 biome modifications to 0 of 64 new biomes in 993.8 μs
[02:46:22] [Server thread/INFO] (Minecraft) Starting integrated minecraft server version 1.21.1
[02:46:22] [Server thread/INFO] (Minecraft) Generating keypair
[02:46:22] [Server thread/INFO] (Minecraft) Preparing start region for dimension minecraft:overworld
[02:46:23] [Server thread/INFO] (Minecraft) Changing view distance to 12, from 10
[02:46:23] [Server thread/INFO] (Minecraft) Changing simulation distance to 12, from 0
[02:46:24] [Render thread/INFO] (Minecraft) 准备生成区域中：0%
[02:46:24] [Render thread/INFO] (Minecraft) 准备生成区域中：0%
[02:46:24] [Render thread/INFO] (Minecraft) 准备生成区域中：0%
[02:46:24] [Render thread/INFO] (Minecraft) 准备生成区域中：0%
[02:46:24] [Render thread/INFO] (Minecraft) Time elapsed: 1637 ms
[02:46:24] [Server thread/INFO] (Minecraft) Player734[local:E:9b7e8632] logged in with entity id 90 at (54.103961371238675, 72.0, 38.12230511899111)
[02:46:24] [Server thread/INFO] (Minecraft) Player734加入了游戏
[02:46:24] [Server thread/INFO] (Minecraft) Player734取得了进度[钻石！]
[02:46:24] [Server thread/INFO] (Minecraft) Player734取得了进度[来硬的]
[02:46:24] [Render thread/INFO] (Minecraft) [System] [CHAT] Player734取得了进度[钻石！]
[02:46:24] [Render thread/INFO] (Minecraft) [System] [CHAT] Player734取得了进度[来硬的]
[02:46:24] [Render thread/INFO] (Minecraft) Loaded 64 advancements
[02:46:25] [Server thread/INFO] (Minecraft) Saving and pausing game...
[02:46:25] [Server thread/INFO] (Minecraft) Saving chunks for level 'ServerLevel[新的世界]'/minecraft:overworld
[02:46:25] [Server thread/INFO] (Minecraft) Saving chunks for level 'ServerLevel[新的世界]'/minecraft:the_nether
[02:46:25] [Server thread/INFO] (Minecraft) Saving chunks for level 'ServerLevel[新的世界]'/minecraft:the_end
[02:46:33] [Render thread/INFO] (Minecraft) [STDOUT]: (happy)哈~！欢迎来到我们的村庄，亲爱的旅行者！今天的天气就像刚刚刷新过的区块一样清爽呢~ 我看到你背包里装着些红石粉，莫非你也对红石装置感兴趣吗？
[02:46:33] [Server thread/INFO] (Minecraft) [STDOUT]: 103
[02:46:42] [Render thread/INFO] (Minecraft) [STDOUT]: (happy)哈~！听到你对红石研究感兴趣真是让我高兴得像挖到了钻石一样！*兴奋地整理着长袍袖口*
[02:46:42] [Server thread/INFO] (Minecraft) [STDOUT]: 106
[02:46:56] [Render thread/INFO] (Minecraft) [STDOUT]: (happy)哈~你这孩子真是...(不好意思地拉了拉绿袍领子)作为一个严肃的学者，我还是第一次听到有人这么评价我的鼻子呢~
[02:46:56] [Server thread/INFO] (Minecraft) [STDOUT]: 109
[02:47:21] [Render thread/INFO] (Minecraft) [STDOUT]: (exclamation) *惊慌地摸了摸自己的长鼻子* 

噢...我的大鼻子确实有点碍事，哈~ 今天整理书架时还撞倒了一排书...不过村民们说这能帮我闻到更远处的僵尸，嗯~~ 这是...这是进化优势！
[02:47:21] [Server thread/INFO] (Minecraft) [STDOUT]: 110
[02:47:24] [Server thread/INFO] (Minecraft) Saving and pausing game...
[02:47:24] [Server thread/INFO] (Minecraft) Saving chunks for level 'ServerLevel[新的世界]'/minecraft:overworld
[02:47:24] [Server thread/INFO] (Minecraft) Saving chunks for level 'ServerLevel[新的世界]'/minecraft:the_nether
[02:47:24] [Server thread/INFO] (Minecraft) Saving chunks for level 'ServerLevel[新的世界]'/minecraft:the_end
[02:47:25] [Server thread/INFO] (Minecraft) Player734 lost connection: 连接中断
[02:47:25] [Server thread/INFO] (Minecraft) Player734退出了游戏
[02:47:25] [Server thread/INFO] (Minecraft) Stopping singleplayer server as player logged out
[02:47:25] [Server thread/INFO] (Minecraft) Stopping server
[02:47:25] [Server thread/INFO] (Minecraft) Saving players
[02:47:25] [Server thread/INFO] (Minecraft) Saving worlds
[02:47:25] [Server thread/INFO] (Minecraft) Saving chunks for level 'ServerLevel[新的世界]'/minecraft:overworld
[02:47:25] [Server thread/INFO] (Minecraft) Saving chunks for level 'ServerLevel[新的世界]'/minecraft:the_nether
[02:47:25] [Server thread/INFO] (Minecraft) Saving chunks for level 'ServerLevel[新的世界]'/minecraft:the_end
[02:47:25] [Server thread/INFO] (Minecraft) ThreadedAnvilChunkStorage (新的世界 (2)): All chunks are saved
[02:47:25] [Server thread/INFO] (Minecraft) ThreadedAnvilChunkStorage (DIM-1): All chunks are saved
[02:47:25] [Server thread/INFO] (Minecraft) ThreadedAnvilChunkStorage (DIM1): All chunks are saved
[02:47:25] [Server thread/INFO] (Minecraft) ThreadedAnvilChunkStorage: All dimensions are saved
[02:47:25] [Render thread/INFO] (Minecraft) Stopping!
